<?xml version="1.0" encoding="UTF-8"?>
<testsuite xmlns:xsi="http://www.w3.org/2001/XMLSchema-instance" xsi:noNamespaceSchemaLocation="https://maven.apache.org/surefire/maven-surefire-plugin/xsd/surefire-test-report-3.0.xsd" version="3.0" name="Test" time="0.001" tests="0" errors="0" skipped="0" failures="0">
  <properties>
    <property name="sun.desktop" value="windows"/>
    <property name="awt.toolkit" value="sun.awt.windows.WToolkit"/>
    <property name="file.encoding.pkg" value="sun.io"/>
    <property name="java.specification.version" value="1.8"/>
    <property name="sun.cpu.isalist" value="pentium_pro+mmx pentium_pro pentium+mmx pentium i486 i386 i86"/>
    <property name="sun.jnu.encoding" value="GBK"/>
    <property name="java.class.path" value="D:\Projects\vectormodelservicetest\target\test-classes;D:\Projects\vectormodelservicetest\target\classes;D:\MAVEN\apache-maven-3.9.6\repository\com\squareup\okhttp3\okhttp\3.9.1\okhttp-3.9.1.jar;D:\MAVEN\apache-maven-3.9.6\repository\com\squareup\okio\okio\1.13.0\okio-1.13.0.jar;D:\MAVEN\apache-maven-3.9.6\repository\com\jayway\jsonpath\json-path\2.6.0\json-path-2.6.0.jar;D:\MAVEN\apache-maven-3.9.6\repository\net\minidev\json-smart\2.4.7\json-smart-2.4.7.jar;D:\MAVEN\apache-maven-3.9.6\repository\net\minidev\accessors-smart\2.4.7\accessors-smart-2.4.7.jar;D:\MAVEN\apache-maven-3.9.6\repository\org\ow2\asm\asm\9.1\asm-9.1.jar;D:\MAVEN\apache-maven-3.9.6\repository\org\slf4j\slf4j-api\1.7.30\slf4j-api-1.7.30.jar;D:\MAVEN\apache-maven-3.9.6\repository\com\alibaba\fastjson\2.0.48\fastjson-2.0.48.jar;D:\MAVEN\apache-maven-3.9.6\repository\com\alibaba\fastjson2\fastjson2-extension\2.0.48\fastjson2-extension-2.0.48.jar;D:\MAVEN\apache-maven-3.9.6\repository\com\alibaba\fastjson2\fastjson2\2.0.48\fastjson2-2.0.48.jar;D:\MAVEN\apache-maven-3.9.6\repository\org\projectlombok\lombok\1.18.32\lombok-1.18.32.jar;D:\MAVEN\apache-maven-3.9.6\repository\org\apache\httpcomponents\httpclient\4.5.13\httpclient-4.5.13.jar;D:\MAVEN\apache-maven-3.9.6\repository\org\apache\httpcomponents\httpcore\4.4.13\httpcore-4.4.13.jar;D:\MAVEN\apache-maven-3.9.6\repository\commons-logging\commons-logging\1.2\commons-logging-1.2.jar;D:\MAVEN\apache-maven-3.9.6\repository\commons-codec\commons-codec\1.11\commons-codec-1.11.jar;"/>
    <property name="java.vm.vendor" value="Oracle Corporation"/>
    <property name="sun.arch.data.model" value="32"/>
    <property name="user.variant" value=""/>
    <property name="java.vendor.url" value="http://java.oracle.com/"/>
    <property name="user.timezone" value="Asia/Shanghai"/>
    <property name="java.vm.specification.version" value="1.8"/>
    <property name="os.name" value="Windows 11"/>
    <property name="user.country" value="CN"/>
    <property name="sun.java.launcher" value="SUN_STANDARD"/>
    <property name="sun.boot.library.path" value="C:\Program Files (x86)\Java\jdk-1.8\jre\bin"/>
    <property name="sun.java.command" value="C:\Users\YZS\AppData\Local\Temp\surefire4966494251394739477\surefirebooter-20240416173443946_3.jar C:\Users\YZS\AppData\Local\Temp\surefire4966494251394739477 2024-04-16T17-34-43_470-jvmRun1 surefire-20240416173443946_1tmp surefire_0-20240416173443946_2tmp"/>
    <property name="surefire.test.class.path" value="D:\Projects\vectormodelservicetest\target\test-classes;D:\Projects\vectormodelservicetest\target\classes;D:\MAVEN\apache-maven-3.9.6\repository\com\squareup\okhttp3\okhttp\3.9.1\okhttp-3.9.1.jar;D:\MAVEN\apache-maven-3.9.6\repository\com\squareup\okio\okio\1.13.0\okio-1.13.0.jar;D:\MAVEN\apache-maven-3.9.6\repository\com\jayway\jsonpath\json-path\2.6.0\json-path-2.6.0.jar;D:\MAVEN\apache-maven-3.9.6\repository\net\minidev\json-smart\2.4.7\json-smart-2.4.7.jar;D:\MAVEN\apache-maven-3.9.6\repository\net\minidev\accessors-smart\2.4.7\accessors-smart-2.4.7.jar;D:\MAVEN\apache-maven-3.9.6\repository\org\ow2\asm\asm\9.1\asm-9.1.jar;D:\MAVEN\apache-maven-3.9.6\repository\org\slf4j\slf4j-api\1.7.30\slf4j-api-1.7.30.jar;D:\MAVEN\apache-maven-3.9.6\repository\com\alibaba\fastjson\2.0.48\fastjson-2.0.48.jar;D:\MAVEN\apache-maven-3.9.6\repository\com\alibaba\fastjson2\fastjson2-extension\2.0.48\fastjson2-extension-2.0.48.jar;D:\MAVEN\apache-maven-3.9.6\repository\com\alibaba\fastjson2\fastjson2\2.0.48\fastjson2-2.0.48.jar;D:\MAVEN\apache-maven-3.9.6\repository\org\projectlombok\lombok\1.18.32\lombok-1.18.32.jar;D:\MAVEN\apache-maven-3.9.6\repository\org\apache\httpcomponents\httpclient\4.5.13\httpclient-4.5.13.jar;D:\MAVEN\apache-maven-3.9.6\repository\org\apache\httpcomponents\httpcore\4.4.13\httpcore-4.4.13.jar;D:\MAVEN\apache-maven-3.9.6\repository\commons-logging\commons-logging\1.2\commons-logging-1.2.jar;D:\MAVEN\apache-maven-3.9.6\repository\commons-codec\commons-codec\1.11\commons-codec-1.11.jar;"/>
    <property name="sun.cpu.endian" value="little"/>
    <property name="user.home" value="C:\Users\YZS"/>
    <property name="user.language" value="zh"/>
    <property name="java.specification.vendor" value="Oracle Corporation"/>
    <property name="java.home" value="C:\Program Files (x86)\Java\jdk-1.8\jre"/>
    <property name="basedir" value="D:\Projects\vectormodelservicetest"/>
    <property name="file.separator" value="\"/>
    <property name="line.separator" value="&#10;"/>
    <property name="java.vm.specification.vendor" value="Oracle Corporation"/>
    <property name="java.specification.name" value="Java Platform API Specification"/>
    <property name="java.awt.graphicsenv" value="sun.awt.Win32GraphicsEnvironment"/>
    <property name="surefire.real.class.path" value="C:\Users\YZS\AppData\Local\Temp\surefire4966494251394739477\surefirebooter-20240416173443946_3.jar"/>
    <property name="sun.boot.class.path" value="C:\Program Files (x86)\Java\jdk-1.8\jre\lib\resources.jar;C:\Program Files (x86)\Java\jdk-1.8\jre\lib\rt.jar;C:\Program Files (x86)\Java\jdk-1.8\jre\lib\jsse.jar;C:\Program Files (x86)\Java\jdk-1.8\jre\lib\jce.jar;C:\Program Files (x86)\Java\jdk-1.8\jre\lib\charsets.jar;C:\Program Files (x86)\Java\jdk-1.8\jre\lib\jfr.jar;C:\Program Files (x86)\Java\jdk-1.8\jre\classes"/>
    <property name="user.script" value=""/>
    <property name="sun.management.compiler" value="HotSpot Client Compiler"/>
    <property name="java.runtime.version" value="1.8.0_401-b10"/>
    <property name="user.name" value="YZS"/>
    <property name="path.separator" value=";"/>
    <property name="os.version" value="10.0"/>
    <property name="java.endorsed.dirs" value="C:\Program Files (x86)\Java\jdk-1.8\jre\lib\endorsed"/>
    <property name="java.runtime.name" value="Java(TM) SE Runtime Environment"/>
    <property name="file.encoding" value="GBK"/>
    <property name="java.vm.name" value="Java HotSpot(TM) Client VM"/>
    <property name="localRepository" value="D:\MAVEN\apache-maven-3.9.6\repository"/>
    <property name="java.vendor.url.bug" value="http://bugreport.sun.com/bugreport/"/>
    <property name="java.io.tmpdir" value="C:\Users\YZS\AppData\Local\Temp\"/>
    <property name="idea.version" value="2023.3.6"/>
    <property name="java.version" value="1.8.0_401"/>
    <property name="user.dir" value="D:\Projects\vectormodelservicetest"/>
    <property name="os.arch" value="x86"/>
    <property name="java.vm.specification.name" value="Java Virtual Machine Specification"/>
    <property name="java.awt.printerjob" value="sun.awt.windows.WPrinterJob"/>
    <property name="sun.os.patch.level" value=""/>
    <property name="java.library.path" value="C:\Program Files (x86)\Java\jdk-1.8\jre\bin;C:\Windows\Sun\Java\bin;C:\Windows\system32;C:\Windows;C:\Program Files (x86)\Common Files\Oracle\Java\javapath;C:\Windows\system32;C:\Windows;C:\Windows\System32\Wbem;C:\Windows\System32\WindowsPowerShell\v1.0\;C:\Windows\System32\OpenSSH\;C:\Program Files\dotnet\;C:\Program Files\MySQL\MySQL Server 8.0\bin;D:\MAVEN\apache-maven-3.9.6\bin;D:\Git\cmd;C:\Program Files\Docker\Docker\resources\bin;D:\Sublime Text 3\;CLASSPATH;%JAVA_HOME%\bin;C:\Program Files (x86)\Apache Software Foundation\Tomcat 10.1_guoyi\bin;C:\Program Files\MySQL\MySQL Shell 8.0\bin\;C:\Users\YZS\AppData\Local\Microsoft\WindowsApps;;D:\JetBrains\IntelliJ IDEA 2023.3.6\bin;;D:\JetBrains\DataGrip 2023.3.4\bin;;."/>
    <property name="java.vm.info" value="mixed mode, sharing"/>
    <property name="java.vendor" value="Oracle Corporation"/>
    <property name="java.vm.version" value="25.401-b10"/>
    <property name="java.specification.maintenance.version" value="5"/>
    <property name="java.ext.dirs" value="C:\Program Files (x86)\Java\jdk-1.8\jre\lib\ext;C:\Windows\Sun\Java\lib\ext"/>
    <property name="sun.io.unicode.encoding" value="UnicodeLittle"/>
    <property name="java.class.version" value="52.0"/>
  </properties>
</testsuite>